<?xml version="1.0" encoding="UTF-8"?>
<testng-results skipped="0" failed="0" total="1" passed="1">
  <reporter-output>
  </reporter-output>
  <suite name="Default suite" duration-ms="1188" started-at="2017-01-09T02:32:18Z" finished-at="2017-01-09T02:32:19Z">
    <groups>
    </groups>
    <test name="Default test" duration-ms="1188" started-at="2017-01-09T02:32:18Z" finished-at="2017-01-09T02:32:19Z">
      <class name="com.feng.lan.ecnu.daoImpl.TestBookTypeDaoImpl">
        <test-method status="PASS" signature="testGetAllBookTypes()[pri:0, instance:com.feng.lan.ecnu.daoImpl.TestBookTypeDaoImpl@164c786e]" name="testGetAllBookTypes" duration-ms="1187" started-at="2017-01-09T10:32:18Z" finished-at="2017-01-09T10:32:19Z">
          <reporter-output>
          </reporter-output>
        </test-method> <!-- testGetAllBookTypes -->
      </class> <!-- com.feng.lan.ecnu.daoImpl.TestBookTypeDaoImpl -->
    </test> <!-- Default test -->
  </suite> <!-- Default suite -->
</testng-results>
